<?xml version="1.0" encoding="UTF-8"?>
<!-- Generated by org.testng.reporters.JUnitXMLReporter -->
<testsuite hostname="DESKTOP-KKK01V3" ignored="0" name="Users and Products tests" tests="6" failures="0" timestamp="2021-09-06T18:41:05 IST" time="0.176" errors="0">
  <testcase name="createUser" time="0.008" classname="com.sgtesting.unittests.tests.Users"/>
  <testcase name="deletedUser" time="0.002" classname="com.sgtesting.unittests.tests.Users"/>
  <testcase name="modifyUser" time="0.002" classname="com.sgtesting.unittests.tests.Users"/>
  <testcase name="createProduct" time="0.003" classname="com.sgtesting.unittests.tests.Products"/>
  <testcase name="deletedProduct" time="0.005" classname="com.sgtesting.unittests.tests.Products"/>
  <testcase name="modifyProduct" time="0.001" classname="com.sgtesting.unittests.tests.Products"/>
</testsuite> <!-- Users and Products tests -->
